Determining if the pthread_create exist failed with the following output:
Change Dir: /home/tillspaeth/backpropCUDA/CMakeFiles/CMakeTmp

Run Build Command:"/usr/bin/make" "cmTC_9ada0/fast"
/usr/bin/make -f CMakeFiles/cmTC_9ada0.dir/build.make CMakeFiles/cmTC_9ada0.dir/build
make[1]: Verzeichnis „/home/tillspaeth/backpropCUDA/CMakeFiles/CMakeTmp“ wird betreten
Building C object CMakeFiles/cmTC_9ada0.dir/CheckSymbolExists.c.o
/usr/bin/cc   -fPIC    -o CMakeFiles/cmTC_9ada0.dir/CheckSymbolExists.c.o   -c /home/tillspaeth/backpropCUDA/CMakeFiles/CMakeTmp/CheckSymbolExists.c
Linking C executable cmTC_9ada0
/usr/bin/cmake -E cmake_link_script CMakeFiles/cmTC_9ada0.dir/link.txt --verbose=1
/usr/bin/cc -fPIC     -rdynamic CMakeFiles/cmTC_9ada0.dir/CheckSymbolExists.c.o  -o cmTC_9ada0 
CMakeFiles/cmTC_9ada0.dir/CheckSymbolExists.c.o: In Funktion »main«:
CheckSymbolExists.c:(.text+0x1b): Warnung: undefinierter Verweis auf »pthread_create«
collect2: error: ld returned 1 exit status
CMakeFiles/cmTC_9ada0.dir/build.make:97: recipe for target 'cmTC_9ada0' failed
make[1]: *** [cmTC_9ada0] Error 1
make[1]: Verzeichnis „/home/tillspaeth/backpropCUDA/CMakeFiles/CMakeTmp“ wird verlassen
Makefile:126: recipe for target 'cmTC_9ada0/fast' failed
make: *** [cmTC_9ada0/fast] Error 2

File /home/tillspaeth/backpropCUDA/CMakeFiles/CMakeTmp/CheckSymbolExists.c:
/* */
#include <pthread.h>

int main(int argc, char** argv)
{
  (void)argv;
#ifndef pthread_create
  return ((int*)(&pthread_create))[argc];
#else
  (void)argc;
  return 0;
#endif
}

Determining if the function pthread_create exists in the pthreads failed with the following output:
Change Dir: /home/tillspaeth/backpropCUDA/CMakeFiles/CMakeTmp

Run Build Command:"/usr/bin/make" "cmTC_90be4/fast"
/usr/bin/make -f CMakeFiles/cmTC_90be4.dir/build.make CMakeFiles/cmTC_90be4.dir/build
make[1]: Verzeichnis „/home/tillspaeth/backpropCUDA/CMakeFiles/CMakeTmp“ wird betreten
Building C object CMakeFiles/cmTC_90be4.dir/CheckFunctionExists.c.o
/usr/bin/cc   -fPIC -DCHECK_FUNCTION_EXISTS=pthread_create   -o CMakeFiles/cmTC_90be4.dir/CheckFunctionExists.c.o   -c /usr/share/cmake-3.10/Modules/CheckFunctionExists.c
Linking C executable cmTC_90be4
/usr/bin/cmake -E cmake_link_script CMakeFiles/cmTC_90be4.dir/link.txt --verbose=1
/usr/bin/cc -fPIC -DCHECK_FUNCTION_EXISTS=pthread_create    -rdynamic CMakeFiles/cmTC_90be4.dir/CheckFunctionExists.c.o  -o cmTC_90be4 -lpthreads 
/usr/bin/x86_64-linux-gnu-ld: -lpthreads kann nicht gefunden werden
collect2: error: ld returned 1 exit status
CMakeFiles/cmTC_90be4.dir/build.make:97: recipe for target 'cmTC_90be4' failed
make[1]: *** [cmTC_90be4] Error 1
make[1]: Verzeichnis „/home/tillspaeth/backpropCUDA/CMakeFiles/CMakeTmp“ wird verlassen
Makefile:126: recipe for target 'cmTC_90be4/fast' failed
make: *** [cmTC_90be4/fast] Error 2


